<?xml version="1.0" encoding="UTF-8"?>
<!-- Generated by org.testng.reporters.JUnitReportReporter -->
<testsuite hostname="Swaru" failures="0" tests="2" name="AutomatedScriptAPIs.testAPIS" time="1.580" errors="0" timestamp="2023-03-03T14:18:11 IST" skipped="0">
  <testcase classname="AutomatedScriptAPIs.testAPIS" name="testPOSTApiusingPOGO" time="1.504"/>
  <system-out/>
  <testcase classname="AutomatedScriptAPIs.testAPIS" name="testGETApi" time="0.076"/>
  <system-out/>
</testsuite> <!-- AutomatedScriptAPIs.testAPIS -->
