<?xml version="1.0" encoding="UTF-8"?>
<!-- Generated by org.testng.reporters.JUnitReportReporter -->
<testsuite hostname="Swaru" failures="0" tests="2" name="AutomatedScriptAPIs.GETRequestAPI" time="1.892" errors="0" timestamp="2023-03-03T13:36:33 IST" skipped="0">
  <testcase classname="AutomatedScriptAPIs.GETRequestAPI" name="testGETApi" time="1.195"/>
  <system-out/>
  <testcase classname="AutomatedScriptAPIs.GETRequestAPI" name="testPOSTApiusingPOGO" time="0.697"/>
  <system-out/>
</testsuite> <!-- AutomatedScriptAPIs.GETRequestAPI -->
