<?xml version="1.0" encoding="UTF-8"?>
<!-- Generated by org.testng.reporters.JUnitReportReporter -->
<testsuite hostname="Swaru" failures="0" tests="1" name="AutomatedScriptAPIs.POSTrequestAPI" time="1.848" errors="0" timestamp="2023-03-03T12:52:48 IST" skipped="0">
  <testcase classname="AutomatedScriptAPIs.POSTrequestAPI" name="testPOSTApiusingPOGO" time="1.848"/>
  <system-out/>
</testsuite> <!-- AutomatedScriptAPIs.POSTrequestAPI -->
